Using pre-set license
Built from '2021.3/release' branch; Version is '2021.3.12f1 (8af3c3e441b1) revision 9106371'; Using compiler version '192829333'; Build Type 'Release'
OS: 'Windows 10  (10.0.19044) 64bit Core' Language: 'en' Physical Memory: 65433 MB
BatchMode: 1, IsHumanControllingUs: 0, StartBugReporterOnCrash: 0, Is64bit: 1, IsPro: 1

COMMAND LINE ARGUMENTS:
B:\Unity\2021.3.12f1\Editor\Unity.exe
-adb2
-batchMode
-noUpm
-name
AssetImportWorker0
-projectPath
B:/Unity/ComputerGraphics_GIT_REPO/My project Unity
-logFile
Logs/AssetImportWorker0.log
-srvPort
59311
Successfully changed project path to: B:/Unity/ComputerGraphics_GIT_REPO/My project Unity
B:/Unity/ComputerGraphics_GIT_REPO/My project Unity
[UnityMemory] Configuration Parameters - Can be set up in boot.config
    "memorysetup-bucket-allocator-granularity=16"
    "memorysetup-bucket-allocator-bucket-count=8"
    "memorysetup-bucket-allocator-block-size=33554432"
    "memorysetup-bucket-allocator-block-count=8"
    "memorysetup-main-allocator-block-size=16777216"
    "memorysetup-thread-allocator-block-size=16777216"
    "memorysetup-gfx-main-allocator-block-size=16777216"
    "memorysetup-gfx-thread-allocator-block-size=16777216"
    "memorysetup-cache-allocator-block-size=4194304"
    "memorysetup-typetree-allocator-block-size=2097152"
    "memorysetup-profiler-bucket-allocator-granularity=16"
    "memorysetup-profiler-bucket-allocator-bucket-count=8"
    "memorysetup-profiler-bucket-allocator-block-size=33554432"
    "memorysetup-profiler-bucket-allocator-block-count=8"
    "memorysetup-profiler-allocator-block-size=16777216"
    "memorysetup-profiler-editor-allocator-block-size=1048576"
    "memorysetup-temp-allocator-size-main=16777216"
    "memorysetup-job-temp-allocator-block-size=2097152"
    "memorysetup-job-temp-allocator-block-size-background=1048576"
    "memorysetup-job-temp-allocator-reduction-small-platforms=262144"
    "memorysetup-temp-allocator-size-background-worker=32768"
    "memorysetup-temp-allocator-size-job-worker=262144"
    "memorysetup-temp-allocator-size-preload-manager=33554432"
    "memorysetup-temp-allocator-size-nav-mesh-worker=65536"
    "memorysetup-temp-allocator-size-audio-worker=65536"
    "memorysetup-temp-allocator-size-cloud-worker=32768"
    "memorysetup-temp-allocator-size-gi-baking-worker=262144"
    "memorysetup-temp-allocator-size-gfx=262144"
Refreshing native plugins compatible for Editor in 93.17 ms, found 3 plugins.
Preloading 0 native plugins for Editor in 0.00 ms.
Initialize engine version: 2021.3.12f1 (8af3c3e441b1)
[Subsystems] Discovering subsystems at path B:/Unity/2021.3.12f1/Editor/Data/Resources/UnitySubsystems
[Subsystems] Discovering subsystems at path B:/Unity/ComputerGraphics_GIT_REPO/My project Unity/Assets
GfxDevice: creating device client; threaded=0; jobified=0
Direct3D:
    Version:  Direct3D 11.0 [level 11.1]
    Renderer: NVIDIA GeForce RTX 3080 Ti (ID=0x2208)
    Vendor:   NVIDIA
    VRAM:     12108 MB
    Driver:   30.0.15.1259
Initialize mono
Mono path[0] = 'B:/Unity/2021.3.12f1/Editor/Data/Managed'
Mono path[1] = 'B:/Unity/2021.3.12f1/Editor/Data/MonoBleedingEdge/lib/mono/unityjit-win32'
Mono config path = 'B:/Unity/2021.3.12f1/Editor/Data/MonoBleedingEdge/etc'
Using monoOptions --debugger-agent=transport=dt_socket,embedding=1,server=y,suspend=n,address=127.0.0.1:56728
Begin MonoManager ReloadAssembly
Registering precompiled unity dll's ...
Register platform support module: B:/Unity/2021.3.12f1/Editor/Data/PlaybackEngines/WebGLSupport/UnityEditor.WebGL.Extensions.dll
Register platform support module: B:/Unity/2021.3.12f1/Editor/Data/PlaybackEngines/WindowsStandaloneSupport/UnityEditor.WindowsStandalone.Extensions.dll
Registered in 0.011283 seconds.
Native extension for WindowsStandalone target not found
Native extension for WebGL target not found
Refreshing native plugins compatible for Editor in 92.99 ms, found 3 plugins.
Preloading 0 native plugins for Editor in 0.00 ms.
Mono: successfully reloaded assembly
- Completed reload, in  0.625 seconds
Domain Reload Profiling:
	ReloadAssembly (626ms)
		BeginReloadAssembly (91ms)
			ExecutionOrderSort (0ms)
			DisableScriptedObjects (0ms)
			BackupInstance (0ms)
			ReleaseScriptingObjects (0ms)
			CreateAndSetChildDomain (1ms)
		EndReloadAssembly (420ms)
			LoadAssemblies (88ms)
			RebuildTransferFunctionScriptingTraits (0ms)
			SetupTypeCache (89ms)
			ReleaseScriptCaches (0ms)
			RebuildScriptCaches (23ms)
			SetupLoadedEditorAssemblies (258ms)
				LogAssemblyErrors (0ms)
				InitializePlatformSupportModulesInManaged (9ms)
				SetLoadedEditorAssemblies (0ms)
				RefreshPlugins (93ms)
				BeforeProcessingInitializeOnLoad (1ms)
				ProcessInitializeOnLoadAttributes (117ms)
				ProcessInitializeOnLoadMethodAttributes (38ms)
				AfterProcessingInitializeOnLoad (0ms)
				EditorAssembliesLoaded (0ms)
			ExecutionOrderSort2 (0ms)
			AwakeInstancesAfterBackupRestoration (0ms)
Platform modules already initialized, skipping
Registering precompiled user dll's ...
Registered in 0.013558 seconds.
Begin MonoManager ReloadAssembly
Symbol file LoadedFromMemory doesn't match image B:\Unity\ComputerGraphics_GIT_REPO\My project Unity\Library\PackageCache\com.unity.visualscripting@1.7.8\Editor\VisualScripting.Core\Dependencies\YamlDotNet\Unity.VisualScripting.YamlDotNet.dll
Symbol file LoadedFromMemory doesn't match image B:\Unity\ComputerGraphics_GIT_REPO\My project Unity\Library\PackageCache\com.unity.visualscripting@1.7.8\Editor\VisualScripting.Core\Dependencies\DotNetZip\Unity.VisualScripting.IonicZip.dll
Native extension for WindowsStandalone target not found
Native extension for WebGL target not found
Refreshing native plugins compatible for Editor in 89.57 ms, found 3 plugins.
Preloading 0 native plugins for Editor in 0.00 ms.
Mono: successfully reloaded assembly
- Completed reload, in  1.724 seconds
Domain Reload Profiling:
	ReloadAssembly (1725ms)
		BeginReloadAssembly (131ms)
			ExecutionOrderSort (0ms)
			DisableScriptedObjects (5ms)
			BackupInstance (0ms)
			ReleaseScriptingObjects (0ms)
			CreateAndSetChildDomain (15ms)
		EndReloadAssembly (1474ms)
			LoadAssemblies (124ms)
			RebuildTransferFunctionScriptingTraits (0ms)
			SetupTypeCache (250ms)
			ReleaseScriptCaches (1ms)
			RebuildScriptCaches (53ms)
			SetupLoadedEditorAssemblies (1028ms)
				LogAssemblyErrors (0ms)
				InitializePlatformSupportModulesInManaged (7ms)
				SetLoadedEditorAssemblies (0ms)
				RefreshPlugins (90ms)
				BeforeProcessingInitializeOnLoad (121ms)
				ProcessInitializeOnLoadAttributes (766ms)
				ProcessInitializeOnLoadMethodAttributes (28ms)
				AfterProcessingInitializeOnLoad (16ms)
				EditorAssembliesLoaded (0ms)
			ExecutionOrderSort2 (0ms)
			AwakeInstancesAfterBackupRestoration (7ms)
Platform modules already initialized, skipping
========================================================================
Worker process is ready to serve import requests
Launched and connected shader compiler UnityShaderCompiler.exe after 0.04 seconds
Refreshing native plugins compatible for Editor in 0.75 ms, found 3 plugins.
Preloading 0 native plugins for Editor in 0.00 ms.
Unloading 4357 Unused Serialized files (Serialized files now loaded: 0)
Unloading 55 unused Assets / (1.3 MB). Loaded Objects now: 4840.
Memory consumption went from 196.3 MB to 195.0 MB.
Total: 4.012700 ms (FindLiveObjects: 0.328700 ms CreateObjectMapping: 0.322900 ms MarkObjects: 3.035700 ms  DeleteObjects: 0.324800 ms)

AssetImportParameters requested are different than current active one (requested -> active):
  custom:video-decoder-ogg-theora: a1e56fd34408186e4bbccfd4996cb3dc -> 
  custom:container-muxer-webm: aa71ff27fc2769a1b78a27578f13a17b -> 
  custom:container-demuxer-webm: 4f35f7cbe854078d1ac9338744f61a02 -> 
  custom:video-encoder-webm-vp8: eb34c28f22e8b96e1ab97ce403110664 -> 
  custom:audio-encoder-webm-vorbis: bf7c407c2cedff20999df2af8eb42d56 -> 
  custom:framework-win-MediaFoundation: 216162199b28c13a410421893ffa2e32 -> 
  custom:container-demuxer-ogg: 62fdf1f143b41e24485cea50d1cbac27 -> 
  custom:video-decoder-webm-vp8: 9c59270c3fd7afecdb556c50c9e8de78 -> 
  custom:audio-decoder-ogg-vorbis: bf7c407c2cedff20999df2af8eb42d56 -> 
========================================================================
Received Import Request.
  Time since last request: 14989.670579 seconds.
  path: Assets/Memes/hd-emotes-d-twitch-disk-outdoors-art-doodle-transparent-png-1436691.png
  artifactKey: Guid(cdcd1c38848a3b34f9cb000477b7f708) Importer(815301076,1909f56bfc062723c751e8b465ee728b)
Start importing Assets/Memes/hd-emotes-d-twitch-disk-outdoors-art-doodle-transparent-png-1436691.png using Guid(cdcd1c38848a3b34f9cb000477b7f708) Importer(815301076,1909f56bfc062723c751e8b465ee728b)  -> (artifact id: '32b2d0b86be71554ec7f4e7eee7477d5') in 0.084062 seconds 
========================================================================
Received Import Request.
  Time since last request: 42.359543 seconds.
  path: Assets/Memes/Materials/hd-emotes-d-twitch-disk-outdoors-art-doodle-transparent-png-1436691.mat
  artifactKey: Guid(9f21ed9e24e69934ba7997cb44cb74a9) Importer(815301076,1909f56bfc062723c751e8b465ee728b)
Start importing Assets/Memes/Materials/hd-emotes-d-twitch-disk-outdoors-art-doodle-transparent-png-1436691.mat using Guid(9f21ed9e24e69934ba7997cb44cb74a9) Importer(815301076,1909f56bfc062723c751e8b465ee728b)  -> (artifact id: 'ecfb1c5837000bc95e694c5198cda7d9') in 0.056150 seconds 
========================================================================
Received Import Request.
  Time since last request: 14.143656 seconds.
  path: Assets/Memes/hd-emotes-d-twitch-disk-outdoors-art-doodle-transparent-png-1436691.png
  artifactKey: Guid(cdcd1c38848a3b34f9cb000477b7f708) Importer(815301076,1909f56bfc062723c751e8b465ee728b)
Start importing Assets/Memes/hd-emotes-d-twitch-disk-outdoors-art-doodle-transparent-png-1436691.png using Guid(cdcd1c38848a3b34f9cb000477b7f708) Importer(815301076,1909f56bfc062723c751e8b465ee728b)  -> (artifact id: '479666c041649230753eefe997b27ee8') in 0.030216 seconds 
========================================================================
Received Import Request.
  Time since last request: 18.982823 seconds.
  path: Assets/Memes/hd-emotes-d-twitch-disk-outdoors-art-doodle-transparent-png-1436691.png
  artifactKey: Guid(cdcd1c38848a3b34f9cb000477b7f708) Importer(815301076,1909f56bfc062723c751e8b465ee728b)
Start importing Assets/Memes/hd-emotes-d-twitch-disk-outdoors-art-doodle-transparent-png-1436691.png using Guid(cdcd1c38848a3b34f9cb000477b7f708) Importer(815301076,1909f56bfc062723c751e8b465ee728b)  -> (artifact id: '4930f0ba36f891b2d710799ec684a780') in 0.016218 seconds 
========================================================================
Received Import Request.
  Time since last request: 79.673334 seconds.
  path: Assets/Memes/hd-emotes-d-twitch-disk-outdoors-art-doodle-transparent-png-1436691.png
  artifactKey: Guid(cdcd1c38848a3b34f9cb000477b7f708) Importer(815301076,1909f56bfc062723c751e8b465ee728b)
Start importing Assets/Memes/hd-emotes-d-twitch-disk-outdoors-art-doodle-transparent-png-1436691.png using Guid(cdcd1c38848a3b34f9cb000477b7f708) Importer(815301076,1909f56bfc062723c751e8b465ee728b)  -> (artifact id: 'e70af581d9a4abbdd9a8bb32c87c09a0') in 0.071140 seconds 
========================================================================
Received Import Request.
  Time since last request: 67.626554 seconds.
  path: Assets/Memes/pepega.png
  artifactKey: Guid(2b5fa058591701242870cd74a9fb64ee) Importer(815301076,1909f56bfc062723c751e8b465ee728b)
Start importing Assets/Memes/pepega.png using Guid(2b5fa058591701242870cd74a9fb64ee) Importer(815301076,1909f56bfc062723c751e8b465ee728b)  -> (artifact id: '088162dd34d787d8f3901b22cd751256') in 0.010132 seconds 
========================================================================
Received Import Request.
  Time since last request: 2.157249 seconds.
  path: Assets/Memes/Materials
  artifactKey: Guid(b04cd78b67b99054a8b4729f66194e33) Importer(815301076,1909f56bfc062723c751e8b465ee728b)
Start importing Assets/Memes/Materials using Guid(b04cd78b67b99054a8b4729f66194e33) Importer(815301076,1909f56bfc062723c751e8b465ee728b)  -> (artifact id: 'f8db84c7fe00ca933469952e0187f486') in 0.006286 seconds 
========================================================================
Received Import Request.
  Time since last request: 0.043333 seconds.
  path: Assets/Memes/Materials/hd-emotes-d-twitch-disk-outdoors-art-doodle-transparent-png-1436691.mat
  artifactKey: Guid(9f21ed9e24e69934ba7997cb44cb74a9) Importer(815301076,1909f56bfc062723c751e8b465ee728b)
Start importing Assets/Memes/Materials/hd-emotes-d-twitch-disk-outdoors-art-doodle-transparent-png-1436691.mat using Guid(9f21ed9e24e69934ba7997cb44cb74a9) Importer(815301076,1909f56bfc062723c751e8b465ee728b)  -> (artifact id: '1dd56294a13aa3179a5dad076d2b440e') in 0.012317 seconds 
========================================================================
Received Import Request.
  Time since last request: 12.579566 seconds.
  path: Assets/Memes/pepega.png
  artifactKey: Guid(2b5fa058591701242870cd74a9fb64ee) Importer(815301076,1909f56bfc062723c751e8b465ee728b)
Start importing Assets/Memes/pepega.png using Guid(2b5fa058591701242870cd74a9fb64ee) Importer(815301076,1909f56bfc062723c751e8b465ee728b)  -> (artifact id: '92144fad7834b35d12839e4ef09ad5ae') in 0.036321 seconds 
========================================================================
Received Import Request.
  Time since last request: 20.652496 seconds.
  path: Assets/Memes/pepega.png
  artifactKey: Guid(2b5fa058591701242870cd74a9fb64ee) Importer(815301076,1909f56bfc062723c751e8b465ee728b)
Start importing Assets/Memes/pepega.png using Guid(2b5fa058591701242870cd74a9fb64ee) Importer(815301076,1909f56bfc062723c751e8b465ee728b)  -> (artifact id: '6c46cd8fac385cb2a84d6086bd59e925') in 0.032969 seconds 
========================================================================
Received Import Request.
  Time since last request: 73.188010 seconds.
  path: Assets/Memes/pepega.gif
  artifactKey: Guid(49ecee166bb43474db73b17e9868a14e) Importer(815301076,1909f56bfc062723c751e8b465ee728b)
Start importing Assets/Memes/pepega.gif using Guid(49ecee166bb43474db73b17e9868a14e) Importer(815301076,1909f56bfc062723c751e8b465ee728b)  -> (artifact id: '715f8dda5b178055c11c0bbd0151e635') in 0.010986 seconds 
========================================================================
Received Import Request.
  Time since last request: 15.266083 seconds.
  path: Assets/Memes/pepega.gif
  artifactKey: Guid(49ecee166bb43474db73b17e9868a14e) Importer(815301076,1909f56bfc062723c751e8b465ee728b)
Start importing Assets/Memes/pepega.gif using Guid(49ecee166bb43474db73b17e9868a14e) Importer(815301076,1909f56bfc062723c751e8b465ee728b)  -> (artifact id: 'bdc78518eb32404afd77b13c12a528e0') in 0.048390 seconds 
========================================================================
Received Import Request.
  Time since last request: 6.830042 seconds.
  path: Assets/Memes/pepega.gif
  artifactKey: Guid(49ecee166bb43474db73b17e9868a14e) Importer(815301076,1909f56bfc062723c751e8b465ee728b)
Start importing Assets/Memes/pepega.gif using Guid(49ecee166bb43474db73b17e9868a14e) Importer(815301076,1909f56bfc062723c751e8b465ee728b)  -> (artifact id: 'e6b435e703b504d1138d6065bad9ca8c') in 0.051303 seconds 
========================================================================
Received Prepare
Registering precompiled user dll's ...
Registered in 0.013043 seconds.
Begin MonoManager ReloadAssembly
Symbol file LoadedFromMemory doesn't match image B:\Unity\ComputerGraphics_GIT_REPO\My project Unity\Library\PackageCache\com.unity.visualscripting@1.7.8\Editor\VisualScripting.Core\Dependencies\YamlDotNet\Unity.VisualScripting.YamlDotNet.dll
Symbol file LoadedFromMemory doesn't match image B:\Unity\ComputerGraphics_GIT_REPO\My project Unity\Library\PackageCache\com.unity.visualscripting@1.7.8\Editor\VisualScripting.Core\Dependencies\DotNetZip\Unity.VisualScripting.IonicZip.dll
Native extension for WindowsStandalone target not found
Native extension for WebGL target not found
Refreshing native plugins compatible for Editor in 0.69 ms, found 3 plugins.
Preloading 0 native plugins for Editor in 0.00 ms.
Mono: successfully reloaded assembly
- Completed reload, in  1.173 seconds
Domain Reload Profiling:
	ReloadAssembly (1173ms)
		BeginReloadAssembly (156ms)
			ExecutionOrderSort (0ms)
			DisableScriptedObjects (5ms)
			BackupInstance (0ms)
			ReleaseScriptingObjects (0ms)
			CreateAndSetChildDomain (34ms)
		EndReloadAssembly (916ms)
			LoadAssemblies (122ms)
			RebuildTransferFunctionScriptingTraits (0ms)
			SetupTypeCache (241ms)
			ReleaseScriptCaches (1ms)
			RebuildScriptCaches (36ms)
			SetupLoadedEditorAssemblies (487ms)
				LogAssemblyErrors (0ms)
				InitializePlatformSupportModulesInManaged (14ms)
				SetLoadedEditorAssemblies (0ms)
				RefreshPlugins (1ms)
				BeforeProcessingInitializeOnLoad (91ms)
				ProcessInitializeOnLoadAttributes (335ms)
				ProcessInitializeOnLoadMethodAttributes (27ms)
				AfterProcessingInitializeOnLoad (19ms)
				EditorAssembliesLoaded (0ms)
			ExecutionOrderSort2 (0ms)
			AwakeInstancesAfterBackupRestoration (7ms)
Platform modules already initialized, skipping
Refreshing native plugins compatible for Editor in 3.66 ms, found 3 plugins.
Preloading 0 native plugins for Editor in 0.00 ms.
Unloading 4312 Unused Serialized files (Serialized files now loaded: 0)
Unloading 42 unused Assets / (1.3 MB). Loaded Objects now: 4894.
Memory consumption went from 196.7 MB to 195.4 MB.
Total: 3.504400 ms (FindLiveObjects: 0.288800 ms CreateObjectMapping: 0.240200 ms MarkObjects: 2.660000 ms  DeleteObjects: 0.314600 ms)

AssetImportParameters requested are different than current active one (requested -> active):
  custom:video-decoder-ogg-theora: a1e56fd34408186e4bbccfd4996cb3dc -> 
  custom:container-muxer-webm: aa71ff27fc2769a1b78a27578f13a17b -> 
  custom:container-demuxer-webm: 4f35f7cbe854078d1ac9338744f61a02 -> 
  custom:video-encoder-webm-vp8: eb34c28f22e8b96e1ab97ce403110664 -> 
  custom:audio-encoder-webm-vorbis: bf7c407c2cedff20999df2af8eb42d56 -> 
  custom:framework-win-MediaFoundation: 216162199b28c13a410421893ffa2e32 -> 
  custom:container-demuxer-ogg: 62fdf1f143b41e24485cea50d1cbac27 -> 
  custom:video-decoder-webm-vp8: 9c59270c3fd7afecdb556c50c9e8de78 -> 
  custom:audio-decoder-ogg-vorbis: bf7c407c2cedff20999df2af8eb42d56 -> 
========================================================================
Received Prepare
Refreshing native plugins compatible for Editor in 13.67 ms, found 3 plugins.
Preloading 0 native plugins for Editor in 0.00 ms.
Unloading 42 Unused Serialized files (Serialized files now loaded: 0)
Unloading 42 unused Assets / (1.3 MB). Loaded Objects now: 4894.
Memory consumption went from 111.3 MB to 110.0 MB.
Total: 5.012300 ms (FindLiveObjects: 0.388600 ms CreateObjectMapping: 0.358500 ms MarkObjects: 3.855900 ms  DeleteObjects: 0.408300 ms)

AssetImportParameters requested are different than current active one (requested -> active):
  custom:video-decoder-ogg-theora: a1e56fd34408186e4bbccfd4996cb3dc -> 
  custom:container-muxer-webm: aa71ff27fc2769a1b78a27578f13a17b -> 
  custom:container-demuxer-webm: 4f35f7cbe854078d1ac9338744f61a02 -> 
  custom:video-encoder-webm-vp8: eb34c28f22e8b96e1ab97ce403110664 -> 
  custom:audio-encoder-webm-vorbis: bf7c407c2cedff20999df2af8eb42d56 -> 
  custom:framework-win-MediaFoundation: 216162199b28c13a410421893ffa2e32 -> 
  custom:container-demuxer-ogg: 62fdf1f143b41e24485cea50d1cbac27 -> 
  custom:video-decoder-webm-vp8: 9c59270c3fd7afecdb556c50c9e8de78 -> 
  custom:audio-decoder-ogg-vorbis: bf7c407c2cedff20999df2af8eb42d56 -> 
========================================================================
Received Import Request.
  Time since last request: 768.763083 seconds.
  path: Assets/TextMesh Pro/Examples & Extras/Resources/Fonts & Materials/Roboto-Bold SDF - Drop Shadow.mat
  artifactKey: Guid(b246c4190f4e46ec9352fe15a7b09ce0) Importer(815301076,1909f56bfc062723c751e8b465ee728b)
Start importing Assets/TextMesh Pro/Examples & Extras/Resources/Fonts & Materials/Roboto-Bold SDF - Drop Shadow.mat using Guid(b246c4190f4e46ec9352fe15a7b09ce0) Importer(815301076,1909f56bfc062723c751e8b465ee728b)  -> (artifact id: '5617b1045fb5b29710f4ee09a5e4b259') in 0.066147 seconds 
========================================================================
Received Import Request.
  Time since last request: 0.000035 seconds.
  path: Assets/TextMesh Pro/Examples & Extras/Resources/Fonts & Materials/Roboto-Bold SDF.asset
  artifactKey: Guid(5302535af1044152a457ed104f1f4b91) Importer(815301076,1909f56bfc062723c751e8b465ee728b)
Start importing Assets/TextMesh Pro/Examples & Extras/Resources/Fonts & Materials/Roboto-Bold SDF.asset using Guid(5302535af1044152a457ed104f1f4b91) Importer(815301076,1909f56bfc062723c751e8b465ee728b)  -> (artifact id: '7c43ffcc8dbb9b866f6903a6cf2a2ed2') in 0.042622 seconds 
